\BOOKMARK [1][-]{section.1}{Burger's Equation Riemann Problem Linear Upwind Method}{}% 1
\BOOKMARK [2][-]{subsection.1.1}{\(a\) Find exact solution}{section.1}% 2
\BOOKMARK [3][-]{subsubsection.1.1.1}{initial condition uL < uR}{subsection.1.1}% 3
\BOOKMARK [3][-]{subsubsection.1.1.2}{initial condition uL > uR}{subsection.1.1}% 4
\BOOKMARK [2][-]{subsection.1.2}{\(b\) Numerical Solution}{section.1}% 5
\BOOKMARK [2][-]{subsection.1.3}{uL < uR}{section.1}% 6
\BOOKMARK [2][-]{subsection.1.4}{uL > uR}{section.1}% 7
\BOOKMARK [2][-]{subsection.1.5}{\(c\) The CFL Condition}{section.1}% 8
\BOOKMARK [2][-]{subsection.1.6}{\(d\) Convergence of upwind method}{section.1}% 9
\BOOKMARK [2][-]{subsection.1.7}{uL < uR}{section.1}% 10
\BOOKMARK [2][-]{subsection.1.8}{uL > uR}{section.1}% 11
\BOOKMARK [2][-]{subsection.1.9}{\(e\)\(f\) Convergence}{section.1}% 12
\BOOKMARK [2][-]{subsection.1.10}{\(g\) Comparison with exact solution}{section.1}% 13
\BOOKMARK [1][-]{section.2}{Burger's Equation Riemann Problem Conservative Upwind Method}{}% 14
\BOOKMARK [2][-]{subsection.2.1}{\(a\) Numerical Flux Function}{section.2}% 15
\BOOKMARK [2][-]{subsection.2.2}{\(b\) Convergence study}{section.2}% 16
\BOOKMARK [2][-]{subsection.2.3}{\(c\) Compare numerical solution with exact solution, superimposed plots}{section.2}% 17
\BOOKMARK [2][-]{subsection.2.4}{\(d\) Point-wise differences between numerical and exact solution}{section.2}% 18
\BOOKMARK [1][-]{section.3}{Two Step Lax Wendroff with Strang Splitting}{}% 19
\BOOKMARK [2][-]{subsection.3.1}{treating the boundary data}{section.3}% 20
\BOOKMARK [2][-]{subsection.3.2}{Numerical results}{section.3}% 21
\BOOKMARK [2][-]{subsection.3.3}{Reporting Maximum Mid-point Flow Rate}{section.3}% 22
\BOOKMARK [2][-]{subsection.3.4}{Comment on plot behavior during first cycle t[to. 0,0.8]to.}{section.3}% 23
